<?xml version="1.0" encoding="UTF-8"?>
<testng-results retried="1" ignored="8" total="14" passed="4" failed="1" skipped="0">
  <reporter-output>
  </reporter-output>
  <suite started-at="2022-07-27T13:21:35 IST" name="Suite" finished-at="2022-07-27T13:25:45 IST" duration-ms="250001">
    <groups>
    </groups>
    <test started-at="2022-07-27T13:21:35 IST" name="Test" finished-at="2022-07-27T13:25:45 IST" duration-ms="250001">
      <class name="vtiger_tc.TC_102_Create_Org_DelTest">
        <test-method is-config="true" signature="lounchBrowser()[pri:0, instance:vtiger_tc.TC_102_Create_Org_DelTest@2eae8e6e]" started-at="2022-07-27T13:22:45 IST" name="lounchBrowser" finished-at="2022-07-27T13:22:53 IST" duration-ms="8062" status="PASS">
          <reporter-output>
          </reporter-output>
        </test-method> <!-- lounchBrowser -->
        <test-method is-config="true" signature="login()[pri:0, instance:vtiger_tc.TC_102_Create_Org_DelTest@2eae8e6e]" started-at="2022-07-27T13:22:53 IST" name="login" finished-at="2022-07-27T13:22:56 IST" duration-ms="2440" status="PASS">
          <reporter-output>
          </reporter-output>
        </test-method> <!-- login -->
        <test-method signature="createOrg()[pri:0, instance:vtiger_tc.TC_102_Create_Org_DelTest@2eae8e6e]" started-at="2022-07-27T13:22:56 IST" name="createOrg" finished-at="2022-07-27T13:23:45 IST" duration-ms="49463" status="PASS">
          <reporter-output>
          </reporter-output>
        </test-method> <!-- createOrg -->
        <test-method is-config="true" signature="logout()[pri:0, instance:vtiger_tc.TC_102_Create_Org_DelTest@2eae8e6e]" started-at="2022-07-27T13:23:45 IST" name="logout" finished-at="2022-07-27T13:23:51 IST" duration-ms="5613" status="PASS">
          <reporter-output>
          </reporter-output>
        </test-method> <!-- logout -->
        <test-method is-config="true" signature="closeBrowser()[pri:0, instance:vtiger_tc.TC_102_Create_Org_DelTest@2eae8e6e]" started-at="2022-07-27T13:23:51 IST" name="closeBrowser" finished-at="2022-07-27T13:23:51 IST" duration-ms="154" status="PASS">
          <reporter-output>
          </reporter-output>
        </test-method> <!-- closeBrowser -->
      </class> <!-- vtiger_tc.TC_102_Create_Org_DelTest -->
      <class name="vtiger_tc.TC_103_Creat_Camp_Del_CampTest">
        <test-method is-config="true" signature="lounchBrowser()[pri:0, instance:vtiger_tc.TC_103_Creat_Camp_Del_CampTest@8f2ef19]" started-at="2022-07-27T13:23:51 IST" name="lounchBrowser" finished-at="2022-07-27T13:24:00 IST" duration-ms="9462" status="PASS">
          <reporter-output>
          </reporter-output>
        </test-method> <!-- lounchBrowser -->
        <test-method is-config="true" signature="login()[pri:0, instance:vtiger_tc.TC_103_Creat_Camp_Del_CampTest@8f2ef19]" started-at="2022-07-27T13:24:00 IST" name="login" finished-at="2022-07-27T13:24:03 IST" duration-ms="2050" status="PASS">
          <reporter-output>
          </reporter-output>
        </test-method> <!-- login -->
        <test-method signature="createCampTest()[pri:0, instance:vtiger_tc.TC_103_Creat_Camp_Del_CampTest@8f2ef19]" started-at="2022-07-27T13:24:03 IST" name="createCampTest" finished-at="2022-07-27T13:24:29 IST" duration-ms="26385" status="PASS">
          <reporter-output>
          </reporter-output>
        </test-method> <!-- createCampTest -->
        <test-method is-config="true" signature="logout()[pri:0, instance:vtiger_tc.TC_103_Creat_Camp_Del_CampTest@8f2ef19]" started-at="2022-07-27T13:24:29 IST" name="logout" finished-at="2022-07-27T13:24:35 IST" duration-ms="5812" status="PASS">
          <reporter-output>
          </reporter-output>
        </test-method> <!-- logout -->
        <test-method is-config="true" signature="closeBrowser()[pri:0, instance:vtiger_tc.TC_103_Creat_Camp_Del_CampTest@8f2ef19]" started-at="2022-07-27T13:24:35 IST" name="closeBrowser" finished-at="2022-07-27T13:24:35 IST" duration-ms="110" status="PASS">
          <reporter-output>
          </reporter-output>
        </test-method> <!-- closeBrowser -->
      </class> <!-- vtiger_tc.TC_103_Creat_Camp_Del_CampTest -->
      <class name="vtiger_tc.TC_104_Create_Cont_Del_OrgTest">
        <test-method is-config="true" signature="lounchBrowser()[pri:0, instance:vtiger_tc.TC_104_Create_Cont_Del_OrgTest@470734c3]" started-at="2022-07-27T13:24:35 IST" name="lounchBrowser" finished-at="2022-07-27T13:24:43 IST" duration-ms="8521" status="PASS">
          <reporter-output>
          </reporter-output>
        </test-method> <!-- lounchBrowser -->
        <test-method is-config="true" signature="login()[pri:0, instance:vtiger_tc.TC_104_Create_Cont_Del_OrgTest@470734c3]" started-at="2022-07-27T13:24:43 IST" name="login" finished-at="2022-07-27T13:24:46 IST" duration-ms="2974" status="PASS">
          <reporter-output>
          </reporter-output>
        </test-method> <!-- login -->
        <test-method signature="createCont()[pri:0, instance:vtiger_tc.TC_104_Create_Cont_Del_OrgTest@470734c3]" started-at="2022-07-27T13:24:46 IST" name="createCont" finished-at="2022-07-27T13:25:05 IST" duration-ms="18239" status="PASS">
          <reporter-output>
          </reporter-output>
        </test-method> <!-- createCont -->
        <test-method is-config="true" signature="logout()[pri:0, instance:vtiger_tc.TC_104_Create_Cont_Del_OrgTest@470734c3]" started-at="2022-07-27T13:25:05 IST" name="logout" finished-at="2022-07-27T13:25:09 IST" duration-ms="4618" status="PASS">
          <reporter-output>
          </reporter-output>
        </test-method> <!-- logout -->
        <test-method is-config="true" signature="closeBrowser()[pri:0, instance:vtiger_tc.TC_104_Create_Cont_Del_OrgTest@470734c3]" started-at="2022-07-27T13:25:09 IST" name="closeBrowser" finished-at="2022-07-27T13:25:09 IST" duration-ms="99" status="PASS">
          <reporter-output>
          </reporter-output>
        </test-method> <!-- closeBrowser -->
      </class> <!-- vtiger_tc.TC_104_Create_Cont_Del_OrgTest -->
      <class name="vtiger_tc.TC_101_Create_Org_Test">
        <test-method is-config="true" signature="connectDB()[pri:0, instance:vtiger_tc.TC_101_Create_Org_Test@53fe15ff]" started-at="2022-07-27T13:21:35 IST" name="connectDB" finished-at="2022-07-27T13:21:35 IST" duration-ms="11" status="PASS">
          <reporter-output>
          </reporter-output>
        </test-method> <!-- connectDB -->
        <test-method is-config="true" signature="lounchBrowser()[pri:0, instance:vtiger_tc.TC_101_Create_Org_Test@53fe15ff]" started-at="2022-07-27T13:21:35 IST" name="lounchBrowser" finished-at="2022-07-27T13:22:05 IST" duration-ms="30013" status="PASS">
          <reporter-output>
          </reporter-output>
        </test-method> <!-- lounchBrowser -->
        <test-method is-config="true" signature="login()[pri:0, instance:vtiger_tc.TC_101_Create_Org_Test@53fe15ff]" started-at="2022-07-27T13:22:05 IST" name="login" finished-at="2022-07-27T13:22:21 IST" duration-ms="16044" status="PASS">
          <reporter-output>
          </reporter-output>
        </test-method> <!-- login -->
        <test-method retried="true" signature="orgTestCase1()[pri:0, instance:vtiger_tc.TC_101_Create_Org_Test@53fe15ff]" started-at="2022-07-27T13:22:21 IST" name="orgTestCase1" finished-at="2022-07-27T13:22:22 IST" duration-ms="718" status="SKIP">
          <exception class="java.lang.AssertionError">
            <message>
              <![CDATA[expected [false] but found [true]]]>
            </message>
            <full-stacktrace>
              <![CDATA[java.lang.AssertionError: expected [false] but found [true]
at org.testng.Assert.fail(Assert.java:110)
at org.testng.Assert.failNotEquals(Assert.java:1413)
at org.testng.Assert.assertEqualsImpl(Assert.java:149)
at org.testng.Assert.assertEquals(Assert.java:131)
at org.testng.Assert.assertEquals(Assert.java:976)
at org.testng.Assert.assertEquals(Assert.java:1010)
at vtiger_tc.TC_101_Create_Org_Test.orgTestCase1(TC_101_Create_Org_Test.java:27)
at java.base/jdk.internal.reflect.NativeMethodAccessorImpl.invoke0(Native Method)
at java.base/jdk.internal.reflect.NativeMethodAccessorImpl.invoke(NativeMethodAccessorImpl.java:78)
at java.base/jdk.internal.reflect.DelegatingMethodAccessorImpl.invoke(DelegatingMethodAccessorImpl.java:43)
at java.base/java.lang.reflect.Method.invoke(Method.java:567)
at org.testng.internal.invokers.MethodInvocationHelper.invokeMethod(MethodInvocationHelper.java:139)
at org.testng.internal.invokers.TestInvoker.invokeMethod(TestInvoker.java:677)
at org.testng.internal.invokers.TestInvoker.invokeTestMethod(TestInvoker.java:221)
at org.testng.internal.invokers.MethodRunner.runInSequence(MethodRunner.java:50)
at org.testng.internal.invokers.TestInvoker$MethodInvocationAgent.invoke(TestInvoker.java:962)
at org.testng.internal.invokers.TestInvoker.invokeTestMethods(TestInvoker.java:194)
at org.testng.internal.invokers.TestMethodWorker.invokeTestMethods(TestMethodWorker.java:148)
at org.testng.internal.invokers.TestMethodWorker.run(TestMethodWorker.java:128)
at java.base/java.util.ArrayList.forEach(ArrayList.java:1511)
at org.testng.TestRunner.privateRun(TestRunner.java:806)
at org.testng.TestRunner.run(TestRunner.java:601)
at org.testng.SuiteRunner.runTest(SuiteRunner.java:433)
at org.testng.SuiteRunner.runSequentially(SuiteRunner.java:427)
at org.testng.SuiteRunner.privateRun(SuiteRunner.java:387)
at org.testng.SuiteRunner.run(SuiteRunner.java:330)
at org.testng.SuiteRunnerWorker.runSuite(SuiteRunnerWorker.java:52)
at org.testng.SuiteRunnerWorker.run(SuiteRunnerWorker.java:95)
at org.testng.TestNG.runSuitesSequentially(TestNG.java:1256)
at org.testng.TestNG.runSuitesLocally(TestNG.java:1176)
at org.testng.TestNG.runSuites(TestNG.java:1099)
at org.testng.TestNG.run(TestNG.java:1067)
at org.testng.remote.AbstractRemoteTestNG.run(AbstractRemoteTestNG.java:115)
at org.testng.remote.RemoteTestNG.initAndRun(RemoteTestNG.java:251)
at org.testng.remote.RemoteTestNG.main(RemoteTestNG.java:77)
]]>
            </full-stacktrace>
          </exception> <!-- java.lang.AssertionError -->
          <reporter-output>
          </reporter-output>
        </test-method> <!-- orgTestCase1 -->
        <test-method is-config="true" signature="logout()[pri:0, instance:vtiger_tc.TC_101_Create_Org_Test@53fe15ff]" started-at="2022-07-27T13:22:22 IST" name="logout" finished-at="2022-07-27T13:22:35 IST" duration-ms="13186" status="PASS">
          <reporter-output>
          </reporter-output>
        </test-method> <!-- logout -->
        <test-method is-config="true" signature="login()[pri:0, instance:vtiger_tc.TC_101_Create_Org_Test@53fe15ff]" started-at="2022-07-27T13:22:35 IST" name="login" finished-at="2022-07-27T13:22:38 IST" duration-ms="2627" status="PASS">
          <reporter-output>
          </reporter-output>
        </test-method> <!-- login -->
        <test-method signature="orgTestCase1()[pri:0, instance:vtiger_tc.TC_101_Create_Org_Test@53fe15ff]" started-at="2022-07-27T13:22:38 IST" name="orgTestCase1" finished-at="2022-07-27T13:22:38 IST" duration-ms="196" status="FAIL">
          <exception class="java.lang.AssertionError">
            <message>
              <![CDATA[expected [false] but found [true]]]>
            </message>
            <full-stacktrace>
              <![CDATA[java.lang.AssertionError: expected [false] but found [true]
at org.testng.Assert.fail(Assert.java:110)
at org.testng.Assert.failNotEquals(Assert.java:1413)
at org.testng.Assert.assertEqualsImpl(Assert.java:149)
at org.testng.Assert.assertEquals(Assert.java:131)
at org.testng.Assert.assertEquals(Assert.java:976)
at org.testng.Assert.assertEquals(Assert.java:1010)
at vtiger_tc.TC_101_Create_Org_Test.orgTestCase1(TC_101_Create_Org_Test.java:27)
at java.base/jdk.internal.reflect.NativeMethodAccessorImpl.invoke0(Native Method)
at java.base/jdk.internal.reflect.NativeMethodAccessorImpl.invoke(NativeMethodAccessorImpl.java:78)
at java.base/jdk.internal.reflect.DelegatingMethodAccessorImpl.invoke(DelegatingMethodAccessorImpl.java:43)
at java.base/java.lang.reflect.Method.invoke(Method.java:567)
at org.testng.internal.invokers.MethodInvocationHelper.invokeMethod(MethodInvocationHelper.java:139)
at org.testng.internal.invokers.TestInvoker.invokeMethod(TestInvoker.java:677)
at org.testng.internal.invokers.TestInvoker.retryFailed(TestInvoker.java:263)
at org.testng.internal.invokers.MethodRunner.runInSequence(MethodRunner.java:62)
at org.testng.internal.invokers.TestInvoker$MethodInvocationAgent.invoke(TestInvoker.java:962)
at org.testng.internal.invokers.TestInvoker.invokeTestMethods(TestInvoker.java:194)
at org.testng.internal.invokers.TestMethodWorker.invokeTestMethods(TestMethodWorker.java:148)
at org.testng.internal.invokers.TestMethodWorker.run(TestMethodWorker.java:128)
at java.base/java.util.ArrayList.forEach(ArrayList.java:1511)
at org.testng.TestRunner.privateRun(TestRunner.java:806)
at org.testng.TestRunner.run(TestRunner.java:601)
at org.testng.SuiteRunner.runTest(SuiteRunner.java:433)
at org.testng.SuiteRunner.runSequentially(SuiteRunner.java:427)
at org.testng.SuiteRunner.privateRun(SuiteRunner.java:387)
at org.testng.SuiteRunner.run(SuiteRunner.java:330)
at org.testng.SuiteRunnerWorker.runSuite(SuiteRunnerWorker.java:52)
at org.testng.SuiteRunnerWorker.run(SuiteRunnerWorker.java:95)
at org.testng.TestNG.runSuitesSequentially(TestNG.java:1256)
at org.testng.TestNG.runSuitesLocally(TestNG.java:1176)
at org.testng.TestNG.runSuites(TestNG.java:1099)
at org.testng.TestNG.run(TestNG.java:1067)
at org.testng.remote.AbstractRemoteTestNG.run(AbstractRemoteTestNG.java:115)
at org.testng.remote.RemoteTestNG.initAndRun(RemoteTestNG.java:251)
at org.testng.remote.RemoteTestNG.main(RemoteTestNG.java:77)
]]>
            </full-stacktrace>
          </exception> <!-- java.lang.AssertionError -->
          <reporter-output>
          </reporter-output>
        </test-method> <!-- orgTestCase1 -->
        <test-method is-config="true" signature="logout()[pri:0, instance:vtiger_tc.TC_101_Create_Org_Test@53fe15ff]" started-at="2022-07-27T13:22:38 IST" name="logout" finished-at="2022-07-27T13:22:45 IST" duration-ms="6728" status="PASS">
          <reporter-output>
          </reporter-output>
        </test-method> <!-- logout -->
        <test-method is-config="true" signature="closeBrowser()[pri:0, instance:vtiger_tc.TC_101_Create_Org_Test@53fe15ff]" started-at="2022-07-27T13:22:45 IST" name="closeBrowser" finished-at="2022-07-27T13:22:45 IST" duration-ms="131" status="PASS">
          <reporter-output>
          </reporter-output>
        </test-method> <!-- closeBrowser -->
        <test-method is-config="true" signature="closeDB()[pri:0, instance:vtiger_tc.TC_101_Create_Org_Test@53fe15ff]" started-at="2022-07-27T13:25:45 IST" name="closeDB" finished-at="2022-07-27T13:25:45 IST" duration-ms="0" status="PASS">
          <reporter-output>
          </reporter-output>
        </test-method> <!-- closeDB -->
      </class> <!-- vtiger_tc.TC_101_Create_Org_Test -->
      <class name="vtiger_tc.TC_105_Create_Org_DDTest">
        <test-method is-config="true" signature="lounchBrowser()[pri:0, instance:vtiger_tc.TC_105_Create_Org_DDTest@2cf3d63b]" started-at="2022-07-27T13:25:09 IST" name="lounchBrowser" finished-at="2022-07-27T13:25:17 IST" duration-ms="7427" status="PASS">
          <reporter-output>
          </reporter-output>
        </test-method> <!-- lounchBrowser -->
        <test-method is-config="true" signature="login()[pri:0, instance:vtiger_tc.TC_105_Create_Org_DDTest@2cf3d63b]" started-at="2022-07-27T13:25:17 IST" name="login" finished-at="2022-07-27T13:25:20 IST" duration-ms="3700" status="PASS">
          <reporter-output>
          </reporter-output>
        </test-method> <!-- login -->
        <test-method signature="verifyIndustry()[pri:0, instance:vtiger_tc.TC_105_Create_Org_DDTest@2cf3d63b]" started-at="2022-07-27T13:25:20 IST" name="verifyIndustry" finished-at="2022-07-27T13:25:40 IST" duration-ms="19648" status="PASS">
          <reporter-output>
          </reporter-output>
        </test-method> <!-- verifyIndustry -->
        <test-method is-config="true" signature="logout()[pri:0, instance:vtiger_tc.TC_105_Create_Org_DDTest@2cf3d63b]" started-at="2022-07-27T13:25:40 IST" name="logout" finished-at="2022-07-27T13:25:45 IST" duration-ms="4562" status="PASS">
          <reporter-output>
          </reporter-output>
        </test-method> <!-- logout -->
        <test-method is-config="true" signature="closeBrowser()[pri:0, instance:vtiger_tc.TC_105_Create_Org_DDTest@2cf3d63b]" started-at="2022-07-27T13:25:45 IST" name="closeBrowser" finished-at="2022-07-27T13:25:45 IST" duration-ms="87" status="PASS">
          <reporter-output>
          </reporter-output>
        </test-method> <!-- closeBrowser -->
      </class> <!-- vtiger_tc.TC_105_Create_Org_DDTest -->
    </test> <!-- Test -->
  </suite> <!-- Suite -->
</testng-results>
